[2023-03-30T11:12:38+08:00][ info ] [ BEHAVIOR ] Run Closure @app_init [ RunTime:0.001036s ]
[ info ] [ LOG ] INIT File
info
[2023-03-30T11:12:38+08:00][ info ] [ CACHE ] INIT File
info
[2023-03-30T11:12:38+08:00][ info ] [ BEHAVIOR ] Run Closure @app_init [ RunTime:0.002444s ]
info
[2023-03-30T11:12:38+08:00][ info ] [ BEHAVIOR ] Run app\common\behavior\Common @app_init [ RunTime:0.000672s ]
info
[2023-03-30T11:13:01+08:00][ info ] [ BEHAVIOR ] Run Closure @app_init [ RunTime:0.000144s ]
[ info ] [ LOG ] INIT File
info
[2023-03-30T11:13:01+08:00][ info ] [ CACHE ] INIT File
info
[2023-03-30T11:13:01+08:00][ info ] [ BEHAVIOR ] Run Closure @app_init [ RunTime:0.001282s ]
info
[2023-03-30T11:13:01+08:00][ info ] [ BEHAVIOR ] Run app\common\behavior\Common @app_init [ RunTime:0.000520s ]
info
[2023-03-30T11:13:02+08:00][ info ] [ BEHAVIOR ] Run Closure @app_init [ RunTime:0.000125s ]
[ info ] [ LOG ] INIT File
info
[2023-03-30T11:13:02+08:00][ info ] [ CACHE ] INIT File
info
[2023-03-30T11:13:02+08:00][ info ] [ BEHAVIOR ] Run Closure @app_init [ RunTime:0.002351s ]
info
[2023-03-30T11:13:02+08:00][ info ] [ BEHAVIOR ] Run app\common\behavior\Common @app_init [ RunTime:0.000325s ]
info
