---------------------------------------------------------------
[2023-04-04T13:15:18+08:00] 192.168.33.1 POST tp.jingmai.test/web/login/ali
[运行时间：0.765391s] [吞吐率：1.31req/s] [内存消耗：5,183.16kb] [文件加载：191]
[ info ] [ BEHAVIOR ] Run Closure @app_init [ RunTime:0.000059s ]
[ info ] [ CACHE ] INIT File
[ info ] [ BEHAVIOR ] Run Closure @app_init [ RunTime:0.014138s ]
[ info ] [ BEHAVIOR ] Run app\common\behavior\Common @app_init [ RunTime:0.003563s ]
[ info ] [ LANG ] /www/wwwroot/jiyu/jingmai_saas/thinkphp/lang/zh-cn.php
[ info ] [ BEHAVIOR ] Run app\common\behavior\Common @app_dispatch [ RunTime:0.000035s ]
[ info ] [ ROUTE ] array (
  'type' => 'module',
  'module' => 
  array (
    0 => 'web',
    1 => 'login',
    2 => 'ali',
  ),
)
[ info ] [ HEADER ] array (
  'content-length' => '526',
  'accept-encoding' => 'gzip, deflate',
  'host' => 'tp.jingmai.test',
  'connection' => 'keep-alive',
  'user-agent' => 'Mozilla/5.0 (iPhone; CPU iPhone OS 12_1 like Mac OS X) AppleWebKit/605.1.15 (KHTML, like Gecko) Mobile/15E148 ChannelId(0) LyraVM Nebula  AlipayDefined(nt:WIFI,ws:360|0|3.0) AliApp(AP/10.2.60) AlipayClient/10.2.60 Language/zh-Hans AlipayIDE',
  'referer' => 'https://2021003182686889.hybrid.alipay-eco.com/2021003182686889/dev/index.html#pages/login/login?__appxPageId=1&__id__=1',
  'accept-charset' => 'utf-8',
  'content-type' => 'application/json',
)
[ info ] [ PARAM ] array (
  'response' => 'r36VNUJCqJKY25x+w2S77WkJWN8MDd7smXsABjac7dbKpT11YMpPc2DifPSx8A1t+YTdtuKvxUZocctByoOvJA==',
  'sign' => 'CQl7bPEiY4/uXifE2JMXcokPYJYEVwWYUU2/CRMxH6Lgdn7WpeJB1TkmLKPE6HMDM/RX72sC0TXKeMiy5C9XTPRh4oc/NBYyC8PeHmFXKzpALRMQ3k4JPX0TzsP/oGM5wX7LAr/uKk1S+S5pV0wiJMmmH394tXEd9ZjXdqxBn88mbgmWXhHC1a7p7l7DXjG/vwEDR1gu7+HMKkGFoc8OuhsnNbxpTC04O4lxt4JdSVcy9HMuToe58XQx5B/4yUGKYGGR3yIokSRla09L/9fkh0ud+vt6QFRapbw/fHw9JoTgUDB3ba6HQPvH8YoEMBDaGJzVZAh4o5lmTlj7X2fgPA==',
  'code' => '0b72c41179e74fecb2023b3e6ffeUX75',
  'appid' => '2021003182686889',
)
[ info ] [ BEHAVIOR ] Run app\common\behavior\Common @module_init [ RunTime:0.003711s ]
[ info ] [ RUN ] app\web\controller\Login->aLi[ /www/wwwroot/jiyu/jingmai_saas/application/web/controller/Login.php ]
[ info ] [ DB ] INIT mysql
[ info ] [ LOG ] INIT File
[ sql ] [ DB ] CONNECT:[ UseTime:0.000914s ] mysql:host=127.0.0.1;dbname=admin_bajiehuidi;charset=utf8mb4
[ sql ] [ SQL ] SHOW COLUMNS FROM `fa_agent_auth` [ RunTime:0.002705s ]
[ sql ] [ SQL ] SELECT `agent_id` FROM `fa_agent_auth` WHERE  `app_id` = '2021003182686889' LIMIT 1 [ RunTime:0.000538s ]
[ error ] array (
  '登录异常' => 
  array (
    0 => 
    array (
      'file' => '/www/wwwroot/jiyu/jingmai_saas/thinkphp/library/think/db/Query.php',
      'line' => 1319,
      'function' => 'appError',
      'class' => 'think\\Error',
      'type' => '::',
    ),
    1 => 
    array (
      'file' => '/www/wwwroot/jiyu/jingmai_saas/thinkphp/library/think/db/Query.php',
      'line' => 1037,
      'function' => 'parseWhereExp',
      'class' => 'think\\db\\Query',
      'type' => '->',
    ),
    2 => 
    array (
      'function' => 'where',
      'class' => 'think\\db\\Query',
      'type' => '->',
    ),
    3 => 
    array (
      'file' => '/www/wwwroot/jiyu/jingmai_saas/thinkphp/library/think/Model.php',
      'line' => 2206,
      'function' => 'call_user_func_array',
    ),
    4 => 
    array (
      'file' => '/www/wwwroot/jiyu/jingmai_saas/application/web/controller/Login.php',
      'line' => 151,
      'function' => '__callStatic',
      'class' => 'think\\Model',
      'type' => '::',
    ),
    5 => 
    array (
      'function' => 'aLi',
      'class' => 'app\\web\\controller\\Login',
      'type' => '->',
    ),
    6 => 
    array (
      'file' => '/www/wwwroot/jiyu/jingmai_saas/thinkphp/library/think/App.php',
      'line' => 343,
      'function' => 'invokeArgs',
      'class' => 'ReflectionMethod',
      'type' => '->',
    ),
    7 => 
    array (
      'file' => '/www/wwwroot/jiyu/jingmai_saas/thinkphp/library/think/App.php',
      'line' => 611,
      'function' => 'invokeMethod',
      'class' => 'think\\App',
      'type' => '::',
    ),
    8 => 
    array (
      'file' => '/www/wwwroot/jiyu/jingmai_saas/thinkphp/library/think/App.php',
      'line' => 456,
      'function' => 'module',
      'class' => 'think\\App',
      'type' => '::',
    ),
    9 => 
    array (
      'file' => '/www/wwwroot/jiyu/jingmai_saas/thinkphp/library/think/App.php',
      'line' => 139,
      'function' => 'exec',
      'class' => 'think\\App',
      'type' => '::',
    ),
    10 => 
    array (
      'file' => '/www/wwwroot/jiyu/jingmai_saas/thinkphp/start.php',
      'line' => 19,
      'function' => 'run',
      'class' => 'think\\App',
      'type' => '::',
    ),
    11 => 
    array (
      'file' => '/www/wwwroot/jiyu/jingmai_saas/public/index.php',
      'line' => 23,
      'args' => 
      array (
        0 => '/www/wwwroot/jiyu/jingmai_saas/thinkphp/start.php',
      ),
      'function' => 'require',
    ),
  ),
)
---------------------------------------------------------------
[2023-04-04T13:17:35+08:00] 192.168.33.1 POST tp.jingmai.test/web/login/ali
[运行时间：0.798338s] [吞吐率：1.25req/s] [内存消耗：5,044.84kb] [文件加载：185]
[ info ] [ BEHAVIOR ] Run Closure @app_init [ RunTime:0.000227s ]
[ info ] [ CACHE ] INIT File
[ info ] [ BEHAVIOR ] Run Closure @app_init [ RunTime:0.014936s ]
[ info ] [ BEHAVIOR ] Run app\common\behavior\Common @app_init [ RunTime:0.003761s ]
[ info ] [ LANG ] /www/wwwroot/jiyu/jingmai_saas/thinkphp/lang/zh-cn.php
[ info ] [ BEHAVIOR ] Run app\common\behavior\Common @app_dispatch [ RunTime:0.000073s ]
[ info ] [ ROUTE ] array (
  'type' => 'module',
  'module' => 
  array (
    0 => 'web',
    1 => 'login',
    2 => 'ali',
  ),
)
[ info ] [ HEADER ] array (
  'content-length' => '526',
  'accept-encoding' => 'gzip, deflate',
  'host' => 'tp.jingmai.test',
  'connection' => 'keep-alive',
  'user-agent' => 'Mozilla/5.0 (iPhone; CPU iPhone OS 12_1 like Mac OS X) AppleWebKit/605.1.15 (KHTML, like Gecko) Mobile/15E148 ChannelId(0) LyraVM Nebula  AlipayDefined(nt:WIFI,ws:360|0|3.0) AliApp(AP/10.2.60) AlipayClient/10.2.60 Language/zh-Hans AlipayIDE',
  'referer' => 'https://2021003182686889.hybrid.alipay-eco.com/2021003182686889/dev/index.html#pages/login/login?__appxPageId=1&__id__=1',
  'accept-charset' => 'utf-8',
  'content-type' => 'application/json',
)
[ info ] [ PARAM ] array (
  'response' => 'r36VNUJCqJKY25x+w2S77WkJWN8MDd7smXsABjac7dbKpT11YMpPc2DifPSx8A1t+YTdtuKvxUZocctByoOvJA==',
  'sign' => 'CQl7bPEiY4/uXifE2JMXcokPYJYEVwWYUU2/CRMxH6Lgdn7WpeJB1TkmLKPE6HMDM/RX72sC0TXKeMiy5C9XTPRh4oc/NBYyC8PeHmFXKzpALRMQ3k4JPX0TzsP/oGM5wX7LAr/uKk1S+S5pV0wiJMmmH394tXEd9ZjXdqxBn88mbgmWXhHC1a7p7l7DXjG/vwEDR1gu7+HMKkGFoc8OuhsnNbxpTC04O4lxt4JdSVcy9HMuToe58XQx5B/4yUGKYGGR3yIokSRla09L/9fkh0ud+vt6QFRapbw/fHw9JoTgUDB3ba6HQPvH8YoEMBDaGJzVZAh4o5lmTlj7X2fgPA==',
  'code' => '0b72c41179e74fecb2023b3e6ffeUX75',
  'appid' => '2021003182686889',
)
[ info ] [ BEHAVIOR ] Run app\common\behavior\Common @module_init [ RunTime:0.004243s ]
[ info ] [ RUN ] app\web\controller\Login->aLi[ /www/wwwroot/jiyu/jingmai_saas/application/web/controller/Login.php ]
[ info ] [ DB ] INIT mysql
[ info ] [ LOG ] INIT File
[ sql ] [ DB ] CONNECT:[ UseTime:0.000755s ] mysql:host=127.0.0.1;dbname=admin_bajiehuidi;charset=utf8mb4
[ sql ] [ SQL ] SHOW COLUMNS FROM `fa_agent_auth` [ RunTime:0.001834s ]
[ sql ] [ SQL ] SELECT `agent_id` FROM `fa_agent_auth` WHERE  `app_id` = '2021003182686889' LIMIT 1 [ RunTime:0.000378s ]
---------------------------------------------------------------
[2023-04-04T13:18:21+08:00] 192.168.33.1 POST tp.jingmai.test/web/login/ali
[运行时间：0.642949s] [吞吐率：1.56req/s] [内存消耗：5,143.04kb] [文件加载：189]
[ info ] [ BEHAVIOR ] Run Closure @app_init [ RunTime:0.000033s ]
[ info ] [ CACHE ] INIT File
[ info ] [ BEHAVIOR ] Run Closure @app_init [ RunTime:0.012938s ]
[ info ] [ BEHAVIOR ] Run app\common\behavior\Common @app_init [ RunTime:0.002043s ]
[ info ] [ LANG ] /www/wwwroot/jiyu/jingmai_saas/thinkphp/lang/zh-cn.php
[ info ] [ BEHAVIOR ] Run app\common\behavior\Common @app_dispatch [ RunTime:0.000039s ]
[ info ] [ ROUTE ] array (
  'type' => 'module',
  'module' => 
  array (
    0 => 'web',
    1 => 'login',
    2 => 'ali',
  ),
)
[ info ] [ HEADER ] array (
  'content-length' => '526',
  'accept-encoding' => 'gzip, deflate',
  'host' => 'tp.jingmai.test',
  'connection' => 'keep-alive',
  'user-agent' => 'Mozilla/5.0 (iPhone; CPU iPhone OS 12_1 like Mac OS X) AppleWebKit/605.1.15 (KHTML, like Gecko) Mobile/15E148 ChannelId(0) LyraVM Nebula  AlipayDefined(nt:WIFI,ws:360|0|3.0) AliApp(AP/10.2.60) AlipayClient/10.2.60 Language/zh-Hans AlipayIDE',
  'referer' => 'https://2021003182686889.hybrid.alipay-eco.com/2021003182686889/dev/index.html#pages/login/login?__appxPageId=1&__id__=1',
  'accept-charset' => 'utf-8',
  'content-type' => 'application/json',
)
[ info ] [ PARAM ] array (
  'response' => 'r36VNUJCqJKY25x+w2S77WkJWN8MDd7smXsABjac7dbKpT11YMpPc2DifPSx8A1t+YTdtuKvxUZocctByoOvJA==',
  'sign' => 'CQl7bPEiY4/uXifE2JMXcokPYJYEVwWYUU2/CRMxH6Lgdn7WpeJB1TkmLKPE6HMDM/RX72sC0TXKeMiy5C9XTPRh4oc/NBYyC8PeHmFXKzpALRMQ3k4JPX0TzsP/oGM5wX7LAr/uKk1S+S5pV0wiJMmmH394tXEd9ZjXdqxBn88mbgmWXhHC1a7p7l7DXjG/vwEDR1gu7+HMKkGFoc8OuhsnNbxpTC04O4lxt4JdSVcy9HMuToe58XQx5B/4yUGKYGGR3yIokSRla09L/9fkh0ud+vt6QFRapbw/fHw9JoTgUDB3ba6HQPvH8YoEMBDaGJzVZAh4o5lmTlj7X2fgPA==',
  'code' => '0b72c41179e74fecb2023b3e6ffeUX75',
  'appid' => '2021003182686889',
)
[ info ] [ BEHAVIOR ] Run app\common\behavior\Common @module_init [ RunTime:0.003573s ]
[ info ] [ RUN ] app\web\controller\Login->aLi[ /www/wwwroot/jiyu/jingmai_saas/application/web/controller/Login.php ]
[ info ] [ DB ] INIT mysql
[ info ] [ LOG ] INIT File
[ sql ] [ DB ] CONNECT:[ UseTime:0.000683s ] mysql:host=127.0.0.1;dbname=admin_bajiehuidi;charset=utf8mb4
[ sql ] [ SQL ] SHOW COLUMNS FROM `fa_agent_auth` [ RunTime:0.001973s ]
[ sql ] [ SQL ] SELECT `agent_id` FROM `fa_agent_auth` WHERE  `app_id` = '2021003182686889' LIMIT 1 [ RunTime:0.000487s ]
[ sql ] [ SQL ] SHOW COLUMNS FROM `fa_users` [ RunTime:0.001580s ]
[ sql ] [ SQL ] SELECT * FROM `fa_users` WHERE  `open_id` = '2088802593608751'  AND `agent_id` = 23 LIMIT 1 [ RunTime:0.000467s ]
[ sql ] [ SQL ] INSERT INTO `fa_users` (`agent_id` , `token` , `login_time` , `nick_name` , `open_id` , `mobile` , `create_time`) VALUES (23 , '1680585501720003383' , 1680585501 , '张三丰' , '2088802593608751' , '13723232122' , 1680585501) [ RunTime:0.006969s ]
---------------------------------------------------------------
[2023-04-04T13:18:22+08:00] 192.168.33.1 GET tp.jingmai.test/web/yunyang/user_info
[运行时间：0.151050s] [吞吐率：6.62req/s] [内存消耗：3,803.41kb] [文件加载：133]
[ info ] [ BEHAVIOR ] Run Closure @app_init [ RunTime:0.000027s ]
[ info ] [ CACHE ] INIT File
[ info ] [ BEHAVIOR ] Run Closure @app_init [ RunTime:0.008539s ]
[ info ] [ BEHAVIOR ] Run app\common\behavior\Common @app_init [ RunTime:0.001673s ]
[ info ] [ LANG ] /www/wwwroot/jiyu/jingmai_saas/thinkphp/lang/zh-cn.php
[ info ] [ BEHAVIOR ] Run app\common\behavior\Common @app_dispatch [ RunTime:0.000034s ]
[ info ] [ ROUTE ] array (
  'type' => 'module',
  'module' => 
  array (
    0 => 'web',
    1 => 'yunyang',
    2 => 'user_info',
  ),
)
[ info ] [ HEADER ] array (
  'accept-encoding' => 'gzip, deflate',
  'host' => 'tp.jingmai.test',
  'connection' => 'keep-alive',
  'user-agent' => 'Mozilla/5.0 (iPhone; CPU iPhone OS 12_1 like Mac OS X) AppleWebKit/605.1.15 (KHTML, like Gecko) Mobile/15E148 ChannelId(0) LyraVM Nebula  AlipayDefined(nt:WIFI,ws:360|0|3.0) AliApp(AP/10.2.60) AlipayClient/10.2.60 Language/zh-Hans AlipayIDE',
  'referer' => 'https://2021003182686889.hybrid.alipay-eco.com/2021003182686889/dev/index.html#pages/login/login?__appxPageId=1&__id__=1',
  'accept-charset' => 'utf-8',
  'phpsessid' => '1680585501720003383',
  'content-type' => 'application/x-www-form-urlencoded',
  'content-length' => '',
)
[ info ] [ PARAM ] array (
)
[ info ] [ BEHAVIOR ] Run app\common\behavior\Common @module_init [ RunTime:0.002317s ]
[ info ] [ RUN ] app\web\controller\Yunyang->user_info[ /www/wwwroot/jiyu/jingmai_saas/application/web/controller/Yunyang.php ]
[ info ] [ DB ] INIT mysql
[ info ] [ LOG ] INIT File
[ sql ] [ DB ] CONNECT:[ UseTime:0.000950s ] mysql:host=127.0.0.1;dbname=admin_bajiehuidi;charset=utf8mb4
[ sql ] [ SQL ] SHOW COLUMNS FROM `fa_users` [ RunTime:0.001803s ]
[ sql ] [ SQL ] SELECT * FROM `fa_users` WHERE  `id` = 59 LIMIT 1 [ RunTime:0.000393s ]
