---------------------------------------------------------------
[2023-04-21T19:22:54+08:00] 192.168.33.1 GET tp.jingmai.test/assets/css/backend.css.map
[运行时间：0.482419s] [吞吐率：2.07req/s] [内存消耗：2,279.55kb] [文件加载：123]
[ info ] [ BEHAVIOR ] Run Closure @app_init [ RunTime:0.000174s ]
[ info ] [ CACHE ] INIT File
[ info ] [ BEHAVIOR ] Run Closure @app_init [ RunTime:0.022815s ]
[ info ] [ BEHAVIOR ] Run app\common\behavior\Common @app_init [ RunTime:0.003465s ]
[ info ] [ LANG ] /www/wwwroot/jiyu/jingmai_saas/thinkphp/lang/zh-cn.php
[ info ] [ BEHAVIOR ] Run app\common\behavior\Common @app_dispatch [ RunTime:0.000065s ]
[ info ] [ ROUTE ] array (
  'type' => 'module',
  'module' => 
  array (
    0 => 'assets',
    1 => 'css',
    2 => 'backend.css.map',
  ),
)
[ info ] [ HEADER ] array (
  'cookie' => 'PHPSESSID=fjvngv3at9rvlb5b0e58u29mbv; thinkphp_show_page_trace=0|0; think_var=zh-cn; keeplogin=23%7C86400%7C1682010770%7Cd868e982af687b6c88c7638b22d03b38',
  'accept-language' => 'zh,zh-CN;q=0.9',
  'accept-encoding' => 'gzip, deflate',
  'user-agent' => 'Mozilla/5.0 (Macintosh; Intel Mac OS X 10_15_7) AppleWebKit/537.36 (KHTML, like Gecko) Chrome/112.0.0.0 Safari/537.36',
  'connection' => 'keep-alive',
  'host' => 'tp.jingmai.test',
  'content-length' => '',
  'content-type' => '',
)
[ info ] [ PARAM ] array (
)
[ info ] [ LOG ] INIT File
---------------------------------------------------------------
[2023-04-21T19:22:54+08:00] 192.168.33.1 GET tp.jingmai.test/VeMyLJAZtQ.php/ajax/lang?callback=define&controllername=wxauth.authlist&lang=zh-cn&v=1682076173&v=1682076173
[运行时间：0.448115s] [吞吐率：2.23req/s] [内存消耗：3,622.26kb] [文件加载：140]
[ info ] [ BEHAVIOR ] Run Closure @app_init [ RunTime:0.000038s ]
[ info ] [ CACHE ] INIT File
[ info ] [ BEHAVIOR ] Run Closure @app_init [ RunTime:0.022194s ]
[ info ] [ BEHAVIOR ] Run app\common\behavior\Common @app_init [ RunTime:0.002405s ]
[ info ] [ LANG ] /www/wwwroot/jiyu/jingmai_saas/thinkphp/lang/zh-cn.php
[ info ] [ BEHAVIOR ] Run app\common\behavior\Common @app_dispatch [ RunTime:0.000040s ]
[ info ] [ ROUTE ] array (
  'type' => 'module',
  'module' => 
  array (
    0 => 'admin',
    1 => 'ajax',
    2 => 'lang',
  ),
)
[ info ] [ HEADER ] array (
  'cookie' => 'sidebar_collapse=0; thinkphp_show_page_trace=0|0; PHPSESSID=fjvngv3at9rvlb5b0e58u29mbv; thinkphp_show_page_trace=0|0; think_var=zh-cn; keeplogin=23%7C86400%7C1682010770%7Cd868e982af687b6c88c7638b22d03b38',
  'accept-language' => 'zh,zh-CN;q=0.9',
  'accept-encoding' => 'gzip, deflate',
  'accept' => '*/*',
  'user-agent' => 'Mozilla/5.0 (Macintosh; Intel Mac OS X 10_15_7) AppleWebKit/537.36 (KHTML, like Gecko) Chrome/112.0.0.0 Safari/537.36',
  'connection' => 'keep-alive',
  'host' => 'tp.jingmai.test',
  'content-length' => '',
  'content-type' => '',
)
[ info ] [ PARAM ] array (
  'callback' => 'define',
  'controllername' => 'wxauth.authlist',
  'lang' => 'zh-cn',
  'v' => '1682076173',
)
[ info ] [ LANG ] /www/wwwroot/jiyu/jingmai_saas/public/../application/admin/lang/zh-cn.php
[ info ] [ BEHAVIOR ] Run app\common\behavior\Common @module_init [ RunTime:0.011622s ]
[ info ] [ SESSION ] INIT array (
  'id' => '',
  'var_session_id' => '',
  'prefix' => 'think',
  'type' => '',
  'auto_start' => true,
  'expire' => 1296000,
)
[ info ] [ LANG ] /www/wwwroot/jiyu/jingmai_saas/public/../application/admin/lang/zh-cn/ajax.php
[ info ] [ RUN ] app\admin\controller\Ajax->lang[ /www/wwwroot/jiyu/jingmai_saas/application/admin/controller/Ajax.php ]
[ info ] [ LANG ] /www/wwwroot/jiyu/jingmai_saas/public/../application/admin/lang/zh-cn/wxauth/authlist.php
[ info ] [ BEHAVIOR ] Run app\admin\behavior\AdminLog @app_end [ RunTime:0.000579s ]
[ info ] [ LOG ] INIT File
---------------------------------------------------------------
[2023-04-21T19:23:04+08:00] 192.168.33.1 GET tp.jingmai.test/VeMyLJAZtQ.php/wxauth/authlist/version_ali/ids/4?dialog=1
[运行时间：1.044948s] [吞吐率：0.96req/s] [内存消耗：4,906.48kb] [文件加载：159]
[ info ] [ BEHAVIOR ] Run Closure @app_init [ RunTime:0.000046s ]
[ info ] [ CACHE ] INIT File
[ info ] [ BEHAVIOR ] Run Closure @app_init [ RunTime:0.013395s ]
[ info ] [ BEHAVIOR ] Run app\common\behavior\Common @app_init [ RunTime:0.002097s ]
[ info ] [ LANG ] /www/wwwroot/jiyu/jingmai_saas/thinkphp/lang/zh-cn.php
[ info ] [ BEHAVIOR ] Run app\common\behavior\Common @app_dispatch [ RunTime:0.000054s ]
[ info ] [ ROUTE ] array (
  'type' => 'module',
  'module' => 
  array (
    0 => 'admin',
    1 => 'wxauth.authlist',
    2 => 'version_ali',
  ),
)
[ info ] [ HEADER ] array (
  'cookie' => 'thinkphp_show_page_trace=0|0; thinkphp_show_page_trace=0|0; thinkphp_show_page_trace=0|0; sidebar_collapse=0; thinkphp_show_page_trace=0|0; PHPSESSID=fjvngv3at9rvlb5b0e58u29mbv; thinkphp_show_page_trace=0|0; think_var=zh-cn; keeplogin=23%7C86400%7C1682010770%7Cd868e982af687b6c88c7638b22d03b38',
  'accept-language' => 'zh,zh-CN;q=0.9',
  'accept-encoding' => 'gzip, deflate',
  'accept' => 'text/html,application/xhtml+xml,application/xml;q=0.9,image/avif,image/webp,image/apng,*/*;q=0.8,application/signed-exchange;v=b3;q=0.7',
  'user-agent' => 'Mozilla/5.0 (Macintosh; Intel Mac OS X 10_15_7) AppleWebKit/537.36 (KHTML, like Gecko) Chrome/112.0.0.0 Safari/537.36',
  'upgrade-insecure-requests' => '1',
  'connection' => 'keep-alive',
  'host' => 'tp.jingmai.test',
  'content-length' => '',
  'content-type' => '',
)
[ info ] [ PARAM ] array (
  'dialog' => '1',
  'ids' => '4',
)
[ info ] [ LANG ] /www/wwwroot/jiyu/jingmai_saas/public/../application/admin/lang/zh-cn.php
[ info ] [ BEHAVIOR ] Run app\common\behavior\Common @module_init [ RunTime:0.002998s ]
[ info ] [ SESSION ] INIT array (
  'id' => '',
  'var_session_id' => '',
  'prefix' => 'think',
  'type' => '',
  'auto_start' => true,
  'expire' => 1296000,
)
[ info ] [ DB ] INIT mysql
[ info ] [ LANG ] /www/wwwroot/jiyu/jingmai_saas/public/../application/admin/lang/zh-cn/wxauth/authlist.php
[ info ] [ RUN ] app\admin\controller\wxauth\Authlist->version_ali[ /www/wwwroot/jiyu/jingmai_saas/application/admin/controller/wxauth/Authlist.php ]
[ info ] [ VIEW ] /www/wwwroot/jiyu/jingmai_saas/public/../application/admin/view/wxauth/authlist/version_ali.html [ array (
  0 => 'breadcrumb',
  1 => 'site',
  2 => 'config',
  3 => 'auth',
  4 => 'admin',
  5 => 'wxAuthList',
  6 => 'authTypeList',
  7 => 'version',
  8 => 'name',
  9 => 'ids',
) ]
[ info ] [ BEHAVIOR ] Run app\admin\behavior\AdminLog @app_end [ RunTime:0.000482s ]
[ info ] [ LOG ] INIT File
[ sql ] [ DB ] CONNECT:[ UseTime:0.000787s ] mysql:host=127.0.0.1;dbname=admin_bajiehuidi;charset=utf8mb4
[ sql ] [ SQL ] SHOW COLUMNS FROM `fa_auth_group_access` [ RunTime:0.001397s ]
[ sql ] [ SQL ] SELECT `aga`.`uid`,`aga`.`group_id`,`ag`.`id`,`ag`.`pid`,`ag`.`name`,`ag`.`rules` FROM `fa_auth_group_access` `aga` LEFT JOIN `fa_auth_group` `ag` ON `aga`.`group_id`=`ag`.`id` WHERE  (  aga.uid='23' and ag.status='normal' ) [ RunTime:0.000924s ]
[ sql ] [ SQL ] SHOW COLUMNS FROM `fa_auth_rule` [ RunTime:0.001285s ]
[ sql ] [ SQL ] SELECT `id`,`pid`,`condition`,`icon`,`name`,`title`,`ismenu` FROM `fa_auth_rule` WHERE  `status` = 'normal'  AND `id` IN (13,29,30,159,165,181,189,206,216,222,229,237,243,249,262,276,282,283,284,285,286,287,288,290,293,295,296,297,298,299,301,314,315,316,317,318,320,321,324,330,335,337,343,1,8,2,158,157,164,180,179,205,215,214,221,228,227,236,235,242,248,261,260,275,289,323,329,336,342,348,349) [ RunTime:0.001538s ]
[ sql ] [ SQL ] SHOW COLUMNS FROM `fa_agent_auth` [ RunTime:0.001809s ]
[ sql ] [ SQL ] SELECT `auth_token` FROM `fa_agent_auth` WHERE  `id` = 4 LIMIT 1 [ RunTime:0.000444s ]
---------------------------------------------------------------
[2023-04-21T19:23:05+08:00] 192.168.33.1 GET tp.jingmai.test/assets/css/skins/skin-black-blue.css.map
[运行时间：0.333943s] [吞吐率：2.99req/s] [内存消耗：2,279.69kb] [文件加载：123]
[ info ] [ BEHAVIOR ] Run Closure @app_init [ RunTime:0.000044s ]
[ info ] [ CACHE ] INIT File
[ info ] [ BEHAVIOR ] Run Closure @app_init [ RunTime:0.039178s ]
[ info ] [ BEHAVIOR ] Run app\common\behavior\Common @app_init [ RunTime:0.004326s ]
[ info ] [ LANG ] /www/wwwroot/jiyu/jingmai_saas/thinkphp/lang/zh-cn.php
[ info ] [ BEHAVIOR ] Run app\common\behavior\Common @app_dispatch [ RunTime:0.000055s ]
[ info ] [ ROUTE ] array (
  'type' => 'module',
  'module' => 
  array (
    0 => 'assets',
    1 => 'css',
    2 => 'skins',
  ),
)
[ info ] [ HEADER ] array (
  'cookie' => 'PHPSESSID=fjvngv3at9rvlb5b0e58u29mbv; thinkphp_show_page_trace=0|0; think_var=zh-cn; keeplogin=23%7C86400%7C1682010770%7Cd868e982af687b6c88c7638b22d03b38',
  'accept-language' => 'zh,zh-CN;q=0.9',
  'accept-encoding' => 'gzip, deflate',
  'user-agent' => 'Mozilla/5.0 (Macintosh; Intel Mac OS X 10_15_7) AppleWebKit/537.36 (KHTML, like Gecko) Chrome/112.0.0.0 Safari/537.36',
  'connection' => 'keep-alive',
  'host' => 'tp.jingmai.test',
  'content-length' => '',
  'content-type' => '',
)
[ info ] [ PARAM ] array (
)
[ info ] [ LOG ] INIT File
---------------------------------------------------------------
[2023-04-21T19:23:05+08:00] 192.168.33.1 GET tp.jingmai.test/assets/css/bootstrap.css.map
[运行时间：0.369125s] [吞吐率：2.71req/s] [内存消耗：2,279.65kb] [文件加载：123]
[ info ] [ BEHAVIOR ] Run Closure @app_init [ RunTime:0.000058s ]
[ info ] [ CACHE ] INIT File
[ info ] [ BEHAVIOR ] Run Closure @app_init [ RunTime:0.029244s ]
[ info ] [ BEHAVIOR ] Run app\common\behavior\Common @app_init [ RunTime:0.005249s ]
[ info ] [ LANG ] /www/wwwroot/jiyu/jingmai_saas/thinkphp/lang/zh-cn.php
[ info ] [ BEHAVIOR ] Run app\common\behavior\Common @app_dispatch [ RunTime:0.000126s ]
[ info ] [ ROUTE ] array (
  'type' => 'module',
  'module' => 
  array (
    0 => 'assets',
    1 => 'css',
    2 => 'bootstrap.css.map',
  ),
)
[ info ] [ HEADER ] array (
  'cookie' => 'PHPSESSID=fjvngv3at9rvlb5b0e58u29mbv; thinkphp_show_page_trace=0|0; think_var=zh-cn; keeplogin=23%7C86400%7C1682010770%7Cd868e982af687b6c88c7638b22d03b38',
  'accept-language' => 'zh,zh-CN;q=0.9',
  'accept-encoding' => 'gzip, deflate',
  'user-agent' => 'Mozilla/5.0 (Macintosh; Intel Mac OS X 10_15_7) AppleWebKit/537.36 (KHTML, like Gecko) Chrome/112.0.0.0 Safari/537.36',
  'connection' => 'keep-alive',
  'host' => 'tp.jingmai.test',
  'content-length' => '',
  'content-type' => '',
)
[ info ] [ PARAM ] array (
)
[ info ] [ LOG ] INIT File
---------------------------------------------------------------
[2023-04-21T19:23:05+08:00] 192.168.33.1 GET tp.jingmai.test/assets/css/fastadmin.css.map
[运行时间：0.371083s] [吞吐率：2.69req/s] [内存消耗：2,279.65kb] [文件加载：123]
[ info ] [ BEHAVIOR ] Run Closure @app_init [ RunTime:0.000030s ]
[ info ] [ CACHE ] INIT File
[ info ] [ BEHAVIOR ] Run Closure @app_init [ RunTime:0.037603s ]
[ info ] [ BEHAVIOR ] Run app\common\behavior\Common @app_init [ RunTime:0.003430s ]
[ info ] [ LANG ] /www/wwwroot/jiyu/jingmai_saas/thinkphp/lang/zh-cn.php
[ info ] [ BEHAVIOR ] Run app\common\behavior\Common @app_dispatch [ RunTime:0.000047s ]
[ info ] [ ROUTE ] array (
  'type' => 'module',
  'module' => 
  array (
    0 => 'assets',
    1 => 'css',
    2 => 'fastadmin.css.map',
  ),
)
[ info ] [ HEADER ] array (
  'cookie' => 'PHPSESSID=fjvngv3at9rvlb5b0e58u29mbv; thinkphp_show_page_trace=0|0; think_var=zh-cn; keeplogin=23%7C86400%7C1682010770%7Cd868e982af687b6c88c7638b22d03b38',
  'accept-language' => 'zh,zh-CN;q=0.9',
  'accept-encoding' => 'gzip, deflate',
  'user-agent' => 'Mozilla/5.0 (Macintosh; Intel Mac OS X 10_15_7) AppleWebKit/537.36 (KHTML, like Gecko) Chrome/112.0.0.0 Safari/537.36',
  'connection' => 'keep-alive',
  'host' => 'tp.jingmai.test',
  'content-length' => '',
  'content-type' => '',
)
[ info ] [ PARAM ] array (
)
[ info ] [ LOG ] INIT File
---------------------------------------------------------------
[2023-04-21T19:23:05+08:00] 192.168.33.1 GET tp.jingmai.test/assets/css/backend.css.map
[运行时间：0.373303s] [吞吐率：2.68req/s] [内存消耗：2,279.61kb] [文件加载：123]
[ info ] [ BEHAVIOR ] Run Closure @app_init [ RunTime:0.000053s ]
[ info ] [ CACHE ] INIT File
[ info ] [ BEHAVIOR ] Run Closure @app_init [ RunTime:0.019797s ]
[ info ] [ BEHAVIOR ] Run app\common\behavior\Common @app_init [ RunTime:0.006255s ]
[ info ] [ LANG ] /www/wwwroot/jiyu/jingmai_saas/thinkphp/lang/zh-cn.php
[ info ] [ BEHAVIOR ] Run app\common\behavior\Common @app_dispatch [ RunTime:0.000055s ]
[ info ] [ ROUTE ] array (
  'type' => 'module',
  'module' => 
  array (
    0 => 'assets',
    1 => 'css',
    2 => 'backend.css.map',
  ),
)
[ info ] [ HEADER ] array (
  'cookie' => 'PHPSESSID=fjvngv3at9rvlb5b0e58u29mbv; thinkphp_show_page_trace=0|0; think_var=zh-cn; keeplogin=23%7C86400%7C1682010770%7Cd868e982af687b6c88c7638b22d03b38',
  'accept-language' => 'zh,zh-CN;q=0.9',
  'accept-encoding' => 'gzip, deflate',
  'user-agent' => 'Mozilla/5.0 (Macintosh; Intel Mac OS X 10_15_7) AppleWebKit/537.36 (KHTML, like Gecko) Chrome/112.0.0.0 Safari/537.36',
  'connection' => 'keep-alive',
  'host' => 'tp.jingmai.test',
  'content-length' => '',
  'content-type' => '',
)
[ info ] [ PARAM ] array (
)
[ info ] [ LOG ] INIT File
---------------------------------------------------------------
[2023-04-21T19:23:05+08:00] 192.168.33.1 GET tp.jingmai.test/VeMyLJAZtQ.php/ajax/lang?callback=define&controllername=wxauth.authlist&lang=zh-cn&v=1682076183&v=1682076183
[运行时间：0.434909s] [吞吐率：2.30req/s] [内存消耗：3,622.26kb] [文件加载：140]
[ info ] [ BEHAVIOR ] Run Closure @app_init [ RunTime:0.000034s ]
[ info ] [ CACHE ] INIT File
[ info ] [ BEHAVIOR ] Run Closure @app_init [ RunTime:0.029096s ]
[ info ] [ BEHAVIOR ] Run app\common\behavior\Common @app_init [ RunTime:0.005719s ]
[ info ] [ LANG ] /www/wwwroot/jiyu/jingmai_saas/thinkphp/lang/zh-cn.php
[ info ] [ BEHAVIOR ] Run app\common\behavior\Common @app_dispatch [ RunTime:0.000064s ]
[ info ] [ ROUTE ] array (
  'type' => 'module',
  'module' => 
  array (
    0 => 'admin',
    1 => 'ajax',
    2 => 'lang',
  ),
)
[ info ] [ HEADER ] array (
  'cookie' => 'sidebar_collapse=0; thinkphp_show_page_trace=0|0; PHPSESSID=fjvngv3at9rvlb5b0e58u29mbv; thinkphp_show_page_trace=0|0; think_var=zh-cn; keeplogin=23%7C86400%7C1682010770%7Cd868e982af687b6c88c7638b22d03b38',
  'accept-language' => 'zh,zh-CN;q=0.9',
  'accept-encoding' => 'gzip, deflate',
  'accept' => '*/*',
  'user-agent' => 'Mozilla/5.0 (Macintosh; Intel Mac OS X 10_15_7) AppleWebKit/537.36 (KHTML, like Gecko) Chrome/112.0.0.0 Safari/537.36',
  'connection' => 'keep-alive',
  'host' => 'tp.jingmai.test',
  'content-length' => '',
  'content-type' => '',
)
[ info ] [ PARAM ] array (
  'callback' => 'define',
  'controllername' => 'wxauth.authlist',
  'lang' => 'zh-cn',
  'v' => '1682076183',
)
[ info ] [ LANG ] /www/wwwroot/jiyu/jingmai_saas/public/../application/admin/lang/zh-cn.php
[ info ] [ BEHAVIOR ] Run app\common\behavior\Common @module_init [ RunTime:0.006046s ]
[ info ] [ SESSION ] INIT array (
  'id' => '',
  'var_session_id' => '',
  'prefix' => 'think',
  'type' => '',
  'auto_start' => true,
  'expire' => 1296000,
)
[ info ] [ LANG ] /www/wwwroot/jiyu/jingmai_saas/public/../application/admin/lang/zh-cn/ajax.php
[ info ] [ RUN ] app\admin\controller\Ajax->lang[ /www/wwwroot/jiyu/jingmai_saas/application/admin/controller/Ajax.php ]
[ info ] [ LANG ] /www/wwwroot/jiyu/jingmai_saas/public/../application/admin/lang/zh-cn/wxauth/authlist.php
[ info ] [ BEHAVIOR ] Run app\admin\behavior\AdminLog @app_end [ RunTime:0.001128s ]
[ info ] [ LOG ] INIT File
---------------------------------------------------------------
[2023-04-21T19:24:08+08:00] 192.168.33.1 GET tp.jingmai.test/VeMyLJAZtQ.php/wxauth/authlist/version_ali/ids/3?dialog=1
[运行时间：0.919017s] [吞吐率：1.09req/s] [内存消耗：5,046.38kb] [文件加载：161]
[ info ] [ BEHAVIOR ] Run Closure @app_init [ RunTime:0.000281s ]
[ info ] [ CACHE ] INIT File
[ info ] [ BEHAVIOR ] Run Closure @app_init [ RunTime:0.020291s ]
[ info ] [ BEHAVIOR ] Run app\common\behavior\Common @app_init [ RunTime:0.005113s ]
[ info ] [ LANG ] /www/wwwroot/jiyu/jingmai_saas/thinkphp/lang/zh-cn.php
[ info ] [ BEHAVIOR ] Run app\common\behavior\Common @app_dispatch [ RunTime:0.000062s ]
[ info ] [ ROUTE ] array (
  'type' => 'module',
  'module' => 
  array (
    0 => 'admin',
    1 => 'wxauth.authlist',
    2 => 'version_ali',
  ),
)
[ info ] [ HEADER ] array (
  'cookie' => 'thinkphp_show_page_trace=0|0; thinkphp_show_page_trace=0|0; thinkphp_show_page_trace=0|0; sidebar_collapse=0; thinkphp_show_page_trace=0|0; PHPSESSID=fjvngv3at9rvlb5b0e58u29mbv; thinkphp_show_page_trace=0|0; think_var=zh-cn; keeplogin=23%7C86400%7C1682010770%7Cd868e982af687b6c88c7638b22d03b38',
  'accept-language' => 'zh,zh-CN;q=0.9',
  'accept-encoding' => 'gzip, deflate',
  'accept' => 'text/html,application/xhtml+xml,application/xml;q=0.9,image/avif,image/webp,image/apng,*/*;q=0.8,application/signed-exchange;v=b3;q=0.7',
  'user-agent' => 'Mozilla/5.0 (Macintosh; Intel Mac OS X 10_15_7) AppleWebKit/537.36 (KHTML, like Gecko) Chrome/112.0.0.0 Safari/537.36',
  'upgrade-insecure-requests' => '1',
  'connection' => 'keep-alive',
  'host' => 'tp.jingmai.test',
  'content-length' => '',
  'content-type' => '',
)
[ info ] [ PARAM ] array (
  'dialog' => '1',
  'ids' => '3',
)
[ info ] [ LANG ] /www/wwwroot/jiyu/jingmai_saas/public/../application/admin/lang/zh-cn.php
[ info ] [ BEHAVIOR ] Run app\common\behavior\Common @module_init [ RunTime:0.004906s ]
[ info ] [ SESSION ] INIT array (
  'id' => '',
  'var_session_id' => '',
  'prefix' => 'think',
  'type' => '',
  'auto_start' => true,
  'expire' => 1296000,
)
[ info ] [ DB ] INIT mysql
[ info ] [ LANG ] /www/wwwroot/jiyu/jingmai_saas/public/../application/admin/lang/zh-cn/wxauth/authlist.php
[ info ] [ RUN ] app\admin\controller\wxauth\Authlist->version_ali[ /www/wwwroot/jiyu/jingmai_saas/application/admin/controller/wxauth/Authlist.php ]
[ info ] [ VIEW ] /www/wwwroot/jiyu/jingmai_saas/public/../application/admin/view/wxauth/authlist/version_ali.html [ array (
  0 => 'breadcrumb',
  1 => 'site',
  2 => 'config',
  3 => 'auth',
  4 => 'admin',
  5 => 'wxAuthList',
  6 => 'authTypeList',
  7 => 'version',
  8 => 'name',
  9 => 'ids',
) ]
[ info ] [ BEHAVIOR ] Run app\admin\behavior\AdminLog @app_end [ RunTime:0.001662s ]
[ info ] [ LOG ] INIT File
[ sql ] [ DB ] CONNECT:[ UseTime:0.000800s ] mysql:host=127.0.0.1;dbname=admin_bajiehuidi;charset=utf8mb4
[ sql ] [ SQL ] SHOW COLUMNS FROM `fa_auth_group_access` [ RunTime:0.001284s ]
[ sql ] [ SQL ] SELECT `aga`.`uid`,`aga`.`group_id`,`ag`.`id`,`ag`.`pid`,`ag`.`name`,`ag`.`rules` FROM `fa_auth_group_access` `aga` LEFT JOIN `fa_auth_group` `ag` ON `aga`.`group_id`=`ag`.`id` WHERE  (  aga.uid='23' and ag.status='normal' ) [ RunTime:0.000683s ]
[ sql ] [ SQL ] SHOW COLUMNS FROM `fa_auth_rule` [ RunTime:0.001187s ]
[ sql ] [ SQL ] SELECT `id`,`pid`,`condition`,`icon`,`name`,`title`,`ismenu` FROM `fa_auth_rule` WHERE  `status` = 'normal'  AND `id` IN (13,29,30,159,165,181,189,206,216,222,229,237,243,249,262,276,282,283,284,285,286,287,288,290,293,295,296,297,298,299,301,314,315,316,317,318,320,321,324,330,335,337,343,1,8,2,158,157,164,180,179,205,215,214,221,228,227,236,235,242,248,261,260,275,289,323,329,336,342,348,349) [ RunTime:0.000948s ]
[ sql ] [ SQL ] SHOW COLUMNS FROM `fa_agent_auth` [ RunTime:0.001347s ]
[ sql ] [ SQL ] SELECT `auth_token` FROM `fa_agent_auth` WHERE  `id` = 3 LIMIT 1 [ RunTime:0.000407s ]
---------------------------------------------------------------
[2023-04-21T19:24:08+08:00] 192.168.33.1 GET tp.jingmai.test/assets/css/fastadmin.css.map
[运行时间：0.454712s] [吞吐率：2.20req/s] [内存消耗：2,279.65kb] [文件加载：123]
[ info ] [ BEHAVIOR ] Run Closure @app_init [ RunTime:0.000062s ]
[ info ] [ CACHE ] INIT File
[ info ] [ BEHAVIOR ] Run Closure @app_init [ RunTime:0.043708s ]
[ info ] [ BEHAVIOR ] Run app\common\behavior\Common @app_init [ RunTime:0.003990s ]
[ info ] [ LANG ] /www/wwwroot/jiyu/jingmai_saas/thinkphp/lang/zh-cn.php
[ info ] [ BEHAVIOR ] Run app\common\behavior\Common @app_dispatch [ RunTime:0.000063s ]
[ info ] [ ROUTE ] array (
  'type' => 'module',
  'module' => 
  array (
    0 => 'assets',
    1 => 'css',
    2 => 'fastadmin.css.map',
  ),
)
[ info ] [ HEADER ] array (
  'cookie' => 'PHPSESSID=fjvngv3at9rvlb5b0e58u29mbv; thinkphp_show_page_trace=0|0; think_var=zh-cn; keeplogin=23%7C86400%7C1682010770%7Cd868e982af687b6c88c7638b22d03b38',
  'accept-language' => 'zh,zh-CN;q=0.9',
  'accept-encoding' => 'gzip, deflate',
  'user-agent' => 'Mozilla/5.0 (Macintosh; Intel Mac OS X 10_15_7) AppleWebKit/537.36 (KHTML, like Gecko) Chrome/112.0.0.0 Safari/537.36',
  'connection' => 'keep-alive',
  'host' => 'tp.jingmai.test',
  'content-length' => '',
  'content-type' => '',
)
[ info ] [ PARAM ] array (
)
[ info ] [ LOG ] INIT File
---------------------------------------------------------------
[2023-04-21T19:24:08+08:00] 192.168.33.1 GET tp.jingmai.test/assets/css/skins/skin-black-blue.css.map
[运行时间：0.473285s] [吞吐率：2.11req/s] [内存消耗：2,279.69kb] [文件加载：123]
[ info ] [ BEHAVIOR ] Run Closure @app_init [ RunTime:0.000115s ]
[ info ] [ CACHE ] INIT File
[ info ] [ BEHAVIOR ] Run Closure @app_init [ RunTime:0.029323s ]
[ info ] [ BEHAVIOR ] Run app\common\behavior\Common @app_init [ RunTime:0.005665s ]
[ info ] [ LANG ] /www/wwwroot/jiyu/jingmai_saas/thinkphp/lang/zh-cn.php
[ info ] [ BEHAVIOR ] Run app\common\behavior\Common @app_dispatch [ RunTime:0.000056s ]
[ info ] [ ROUTE ] array (
  'type' => 'module',
  'module' => 
  array (
    0 => 'assets',
    1 => 'css',
    2 => 'skins',
  ),
)
[ info ] [ HEADER ] array (
  'cookie' => 'PHPSESSID=fjvngv3at9rvlb5b0e58u29mbv; thinkphp_show_page_trace=0|0; think_var=zh-cn; keeplogin=23%7C86400%7C1682010770%7Cd868e982af687b6c88c7638b22d03b38',
  'accept-language' => 'zh,zh-CN;q=0.9',
  'accept-encoding' => 'gzip, deflate',
  'user-agent' => 'Mozilla/5.0 (Macintosh; Intel Mac OS X 10_15_7) AppleWebKit/537.36 (KHTML, like Gecko) Chrome/112.0.0.0 Safari/537.36',
  'connection' => 'keep-alive',
  'host' => 'tp.jingmai.test',
  'content-length' => '',
  'content-type' => '',
)
[ info ] [ PARAM ] array (
)
[ info ] [ LOG ] INIT File
---------------------------------------------------------------
[2023-04-21T19:24:08+08:00] 192.168.33.1 GET tp.jingmai.test/assets/css/bootstrap.css.map
[运行时间：0.477220s] [吞吐率：2.10req/s] [内存消耗：2,279.65kb] [文件加载：123]
[ info ] [ BEHAVIOR ] Run Closure @app_init [ RunTime:0.000039s ]
[ info ] [ CACHE ] INIT File
[ info ] [ BEHAVIOR ] Run Closure @app_init [ RunTime:0.027987s ]
[ info ] [ BEHAVIOR ] Run app\common\behavior\Common @app_init [ RunTime:0.007747s ]
[ info ] [ LANG ] /www/wwwroot/jiyu/jingmai_saas/thinkphp/lang/zh-cn.php
[ info ] [ BEHAVIOR ] Run app\common\behavior\Common @app_dispatch [ RunTime:0.000077s ]
[ info ] [ ROUTE ] array (
  'type' => 'module',
  'module' => 
  array (
    0 => 'assets',
    1 => 'css',
    2 => 'bootstrap.css.map',
  ),
)
[ info ] [ HEADER ] array (
  'cookie' => 'PHPSESSID=fjvngv3at9rvlb5b0e58u29mbv; thinkphp_show_page_trace=0|0; think_var=zh-cn; keeplogin=23%7C86400%7C1682010770%7Cd868e982af687b6c88c7638b22d03b38',
  'accept-language' => 'zh,zh-CN;q=0.9',
  'accept-encoding' => 'gzip, deflate',
  'user-agent' => 'Mozilla/5.0 (Macintosh; Intel Mac OS X 10_15_7) AppleWebKit/537.36 (KHTML, like Gecko) Chrome/112.0.0.0 Safari/537.36',
  'connection' => 'keep-alive',
  'host' => 'tp.jingmai.test',
  'content-length' => '',
  'content-type' => '',
)
[ info ] [ PARAM ] array (
)
[ info ] [ LOG ] INIT File
---------------------------------------------------------------
[2023-04-21T19:24:08+08:00] 192.168.33.1 GET tp.jingmai.test/assets/css/backend.css.map
[运行时间：0.481308s] [吞吐率：2.08req/s] [内存消耗：2,279.61kb] [文件加载：123]
[ info ] [ BEHAVIOR ] Run Closure @app_init [ RunTime:0.000043s ]
[ info ] [ CACHE ] INIT File
[ info ] [ BEHAVIOR ] Run Closure @app_init [ RunTime:0.022470s ]
[ info ] [ BEHAVIOR ] Run app\common\behavior\Common @app_init [ RunTime:0.002978s ]
[ info ] [ LANG ] /www/wwwroot/jiyu/jingmai_saas/thinkphp/lang/zh-cn.php
[ info ] [ BEHAVIOR ] Run app\common\behavior\Common @app_dispatch [ RunTime:0.000069s ]
[ info ] [ ROUTE ] array (
  'type' => 'module',
  'module' => 
  array (
    0 => 'assets',
    1 => 'css',
    2 => 'backend.css.map',
  ),
)
[ info ] [ HEADER ] array (
  'cookie' => 'PHPSESSID=fjvngv3at9rvlb5b0e58u29mbv; thinkphp_show_page_trace=0|0; think_var=zh-cn; keeplogin=23%7C86400%7C1682010770%7Cd868e982af687b6c88c7638b22d03b38',
  'accept-language' => 'zh,zh-CN;q=0.9',
  'accept-encoding' => 'gzip, deflate',
  'user-agent' => 'Mozilla/5.0 (Macintosh; Intel Mac OS X 10_15_7) AppleWebKit/537.36 (KHTML, like Gecko) Chrome/112.0.0.0 Safari/537.36',
  'connection' => 'keep-alive',
  'host' => 'tp.jingmai.test',
  'content-length' => '',
  'content-type' => '',
)
[ info ] [ PARAM ] array (
)
[ info ] [ LOG ] INIT File
---------------------------------------------------------------
[2023-04-21T19:24:08+08:00] 192.168.33.1 GET tp.jingmai.test/VeMyLJAZtQ.php/ajax/lang?callback=define&controllername=wxauth.authlist&lang=zh-cn&v=1682076247&v=1682076247
[运行时间：0.479560s] [吞吐率：2.09req/s] [内存消耗：3,622.26kb] [文件加载：140]
[ info ] [ BEHAVIOR ] Run Closure @app_init [ RunTime:0.000038s ]
[ info ] [ CACHE ] INIT File
[ info ] [ BEHAVIOR ] Run Closure @app_init [ RunTime:0.021638s ]
[ info ] [ BEHAVIOR ] Run app\common\behavior\Common @app_init [ RunTime:0.005940s ]
[ info ] [ LANG ] /www/wwwroot/jiyu/jingmai_saas/thinkphp/lang/zh-cn.php
[ info ] [ BEHAVIOR ] Run app\common\behavior\Common @app_dispatch [ RunTime:0.000968s ]
[ info ] [ ROUTE ] array (
  'type' => 'module',
  'module' => 
  array (
    0 => 'admin',
    1 => 'ajax',
    2 => 'lang',
  ),
)
[ info ] [ HEADER ] array (
  'cookie' => 'sidebar_collapse=0; thinkphp_show_page_trace=0|0; PHPSESSID=fjvngv3at9rvlb5b0e58u29mbv; thinkphp_show_page_trace=0|0; think_var=zh-cn; keeplogin=23%7C86400%7C1682010770%7Cd868e982af687b6c88c7638b22d03b38',
  'accept-language' => 'zh,zh-CN;q=0.9',
  'accept-encoding' => 'gzip, deflate',
  'accept' => '*/*',
  'user-agent' => 'Mozilla/5.0 (Macintosh; Intel Mac OS X 10_15_7) AppleWebKit/537.36 (KHTML, like Gecko) Chrome/112.0.0.0 Safari/537.36',
  'connection' => 'keep-alive',
  'host' => 'tp.jingmai.test',
  'content-length' => '',
  'content-type' => '',
)
[ info ] [ PARAM ] array (
  'callback' => 'define',
  'controllername' => 'wxauth.authlist',
  'lang' => 'zh-cn',
  'v' => '1682076247',
)
[ info ] [ LANG ] /www/wwwroot/jiyu/jingmai_saas/public/../application/admin/lang/zh-cn.php
[ info ] [ BEHAVIOR ] Run app\common\behavior\Common @module_init [ RunTime:0.015859s ]
[ info ] [ SESSION ] INIT array (
  'id' => '',
  'var_session_id' => '',
  'prefix' => 'think',
  'type' => '',
  'auto_start' => true,
  'expire' => 1296000,
)
[ info ] [ LANG ] /www/wwwroot/jiyu/jingmai_saas/public/../application/admin/lang/zh-cn/ajax.php
[ info ] [ RUN ] app\admin\controller\Ajax->lang[ /www/wwwroot/jiyu/jingmai_saas/application/admin/controller/Ajax.php ]
[ info ] [ LANG ] /www/wwwroot/jiyu/jingmai_saas/public/../application/admin/lang/zh-cn/wxauth/authlist.php
[ info ] [ BEHAVIOR ] Run app\admin\behavior\AdminLog @app_end [ RunTime:0.000930s ]
[ info ] [ LOG ] INIT File
---------------------------------------------------------------
[2023-04-21T19:24:26+08:00] 192.168.33.1 GET tp.jingmai.test/VeMyLJAZtQ.php/wxauth/authlist/version_ali/ids/4?dialog=1
[运行时间：0.727479s] [吞吐率：1.37req/s] [内存消耗：5,051.16kb] [文件加载：161]
[ info ] [ BEHAVIOR ] Run Closure @app_init [ RunTime:0.000035s ]
[ info ] [ CACHE ] INIT File
[ info ] [ BEHAVIOR ] Run Closure @app_init [ RunTime:0.011970s ]
[ info ] [ BEHAVIOR ] Run app\common\behavior\Common @app_init [ RunTime:0.003074s ]
[ info ] [ LANG ] /www/wwwroot/jiyu/jingmai_saas/thinkphp/lang/zh-cn.php
[ info ] [ BEHAVIOR ] Run app\common\behavior\Common @app_dispatch [ RunTime:0.000065s ]
[ info ] [ ROUTE ] array (
  'type' => 'module',
  'module' => 
  array (
    0 => 'admin',
    1 => 'wxauth.authlist',
    2 => 'version_ali',
  ),
)
[ info ] [ HEADER ] array (
  'cookie' => 'thinkphp_show_page_trace=0|0; thinkphp_show_page_trace=0|0; thinkphp_show_page_trace=0|0; sidebar_collapse=0; thinkphp_show_page_trace=0|0; PHPSESSID=fjvngv3at9rvlb5b0e58u29mbv; thinkphp_show_page_trace=0|0; think_var=zh-cn; keeplogin=23%7C86400%7C1682010770%7Cd868e982af687b6c88c7638b22d03b38',
  'accept-language' => 'zh,zh-CN;q=0.9',
  'accept-encoding' => 'gzip, deflate',
  'accept' => 'text/html,application/xhtml+xml,application/xml;q=0.9,image/avif,image/webp,image/apng,*/*;q=0.8,application/signed-exchange;v=b3;q=0.7',
  'user-agent' => 'Mozilla/5.0 (Macintosh; Intel Mac OS X 10_15_7) AppleWebKit/537.36 (KHTML, like Gecko) Chrome/112.0.0.0 Safari/537.36',
  'upgrade-insecure-requests' => '1',
  'connection' => 'keep-alive',
  'host' => 'tp.jingmai.test',
  'content-length' => '',
  'content-type' => '',
)
[ info ] [ PARAM ] array (
  'dialog' => '1',
  'ids' => '4',
)
[ info ] [ LANG ] /www/wwwroot/jiyu/jingmai_saas/public/../application/admin/lang/zh-cn.php
[ info ] [ BEHAVIOR ] Run app\common\behavior\Common @module_init [ RunTime:0.003794s ]
[ info ] [ SESSION ] INIT array (
  'id' => '',
  'var_session_id' => '',
  'prefix' => 'think',
  'type' => '',
  'auto_start' => true,
  'expire' => 1296000,
)
[ info ] [ DB ] INIT mysql
[ info ] [ LANG ] /www/wwwroot/jiyu/jingmai_saas/public/../application/admin/lang/zh-cn/wxauth/authlist.php
[ info ] [ RUN ] app\admin\controller\wxauth\Authlist->version_ali[ /www/wwwroot/jiyu/jingmai_saas/application/admin/controller/wxauth/Authlist.php ]
[ info ] [ VIEW ] /www/wwwroot/jiyu/jingmai_saas/public/../application/admin/view/wxauth/authlist/version_ali.html [ array (
  0 => 'breadcrumb',
  1 => 'site',
  2 => 'config',
  3 => 'auth',
  4 => 'admin',
  5 => 'wxAuthList',
  6 => 'authTypeList',
  7 => 'version',
  8 => 'name',
  9 => 'ids',
) ]
[ info ] [ BEHAVIOR ] Run app\admin\behavior\AdminLog @app_end [ RunTime:0.000482s ]
[ info ] [ LOG ] INIT File
[ sql ] [ DB ] CONNECT:[ UseTime:0.000781s ] mysql:host=127.0.0.1;dbname=admin_bajiehuidi;charset=utf8mb4
[ sql ] [ SQL ] SHOW COLUMNS FROM `fa_auth_group_access` [ RunTime:0.002474s ]
[ sql ] [ SQL ] SELECT `aga`.`uid`,`aga`.`group_id`,`ag`.`id`,`ag`.`pid`,`ag`.`name`,`ag`.`rules` FROM `fa_auth_group_access` `aga` LEFT JOIN `fa_auth_group` `ag` ON `aga`.`group_id`=`ag`.`id` WHERE  (  aga.uid='23' and ag.status='normal' ) [ RunTime:0.002619s ]
[ sql ] [ SQL ] SHOW COLUMNS FROM `fa_auth_rule` [ RunTime:0.004108s ]
[ sql ] [ SQL ] SELECT `id`,`pid`,`condition`,`icon`,`name`,`title`,`ismenu` FROM `fa_auth_rule` WHERE  `status` = 'normal'  AND `id` IN (13,29,30,159,165,181,189,206,216,222,229,237,243,249,262,276,282,283,284,285,286,287,288,290,293,295,296,297,298,299,301,314,315,316,317,318,320,321,324,330,335,337,343,1,8,2,158,157,164,180,179,205,215,214,221,228,227,236,235,242,248,261,260,275,289,323,329,336,342,348,349) [ RunTime:0.001038s ]
[ sql ] [ SQL ] SHOW COLUMNS FROM `fa_agent_auth` [ RunTime:0.002159s ]
[ sql ] [ SQL ] SELECT `auth_token` FROM `fa_agent_auth` WHERE  `id` = 4 LIMIT 1 [ RunTime:0.000834s ]
---------------------------------------------------------------
[2023-04-21T19:24:26+08:00] 192.168.33.1 GET tp.jingmai.test/VeMyLJAZtQ.php/ajax/lang?callback=define&controllername=wxauth.authlist&lang=zh-cn&v=1682076265&v=1682076265
[运行时间：0.358163s] [吞吐率：2.79req/s] [内存消耗：3,622.26kb] [文件加载：140]
[ info ] [ BEHAVIOR ] Run Closure @app_init [ RunTime:0.000875s ]
[ info ] [ CACHE ] INIT File
[ info ] [ BEHAVIOR ] Run Closure @app_init [ RunTime:0.022998s ]
[ info ] [ BEHAVIOR ] Run app\common\behavior\Common @app_init [ RunTime:0.001386s ]
[ info ] [ LANG ] /www/wwwroot/jiyu/jingmai_saas/thinkphp/lang/zh-cn.php
[ info ] [ BEHAVIOR ] Run app\common\behavior\Common @app_dispatch [ RunTime:0.000037s ]
[ info ] [ ROUTE ] array (
  'type' => 'module',
  'module' => 
  array (
    0 => 'admin',
    1 => 'ajax',
    2 => 'lang',
  ),
)
[ info ] [ HEADER ] array (
  'cookie' => 'sidebar_collapse=0; thinkphp_show_page_trace=0|0; PHPSESSID=fjvngv3at9rvlb5b0e58u29mbv; thinkphp_show_page_trace=0|0; think_var=zh-cn; keeplogin=23%7C86400%7C1682010770%7Cd868e982af687b6c88c7638b22d03b38',
  'accept-language' => 'zh,zh-CN;q=0.9',
  'accept-encoding' => 'gzip, deflate',
  'accept' => '*/*',
  'user-agent' => 'Mozilla/5.0 (Macintosh; Intel Mac OS X 10_15_7) AppleWebKit/537.36 (KHTML, like Gecko) Chrome/112.0.0.0 Safari/537.36',
  'connection' => 'keep-alive',
  'host' => 'tp.jingmai.test',
  'content-length' => '',
  'content-type' => '',
)
[ info ] [ PARAM ] array (
  'callback' => 'define',
  'controllername' => 'wxauth.authlist',
  'lang' => 'zh-cn',
  'v' => '1682076265',
)
[ info ] [ LANG ] /www/wwwroot/jiyu/jingmai_saas/public/../application/admin/lang/zh-cn.php
[ info ] [ BEHAVIOR ] Run app\common\behavior\Common @module_init [ RunTime:0.015150s ]
[ info ] [ SESSION ] INIT array (
  'id' => '',
  'var_session_id' => '',
  'prefix' => 'think',
  'type' => '',
  'auto_start' => true,
  'expire' => 1296000,
)
[ info ] [ LANG ] /www/wwwroot/jiyu/jingmai_saas/public/../application/admin/lang/zh-cn/ajax.php
[ info ] [ RUN ] app\admin\controller\Ajax->lang[ /www/wwwroot/jiyu/jingmai_saas/application/admin/controller/Ajax.php ]
[ info ] [ LANG ] /www/wwwroot/jiyu/jingmai_saas/public/../application/admin/lang/zh-cn/wxauth/authlist.php
[ info ] [ BEHAVIOR ] Run app\admin\behavior\AdminLog @app_end [ RunTime:0.002263s ]
[ info ] [ LOG ] INIT File
---------------------------------------------------------------
[2023-04-21T19:24:26+08:00] 192.168.33.1 GET tp.jingmai.test/assets/css/bootstrap.css.map
[运行时间：0.362184s] [吞吐率：2.76req/s] [内存消耗：2,279.65kb] [文件加载：123]
[ info ] [ BEHAVIOR ] Run Closure @app_init [ RunTime:0.000037s ]
[ info ] [ CACHE ] INIT File
[ info ] [ BEHAVIOR ] Run Closure @app_init [ RunTime:0.027108s ]
[ info ] [ BEHAVIOR ] Run app\common\behavior\Common @app_init [ RunTime:0.006688s ]
[ info ] [ LANG ] /www/wwwroot/jiyu/jingmai_saas/thinkphp/lang/zh-cn.php
[ info ] [ BEHAVIOR ] Run app\common\behavior\Common @app_dispatch [ RunTime:0.000179s ]
[ info ] [ ROUTE ] array (
  'type' => 'module',
  'module' => 
  array (
    0 => 'assets',
    1 => 'css',
    2 => 'bootstrap.css.map',
  ),
)
[ info ] [ HEADER ] array (
  'cookie' => 'PHPSESSID=fjvngv3at9rvlb5b0e58u29mbv; thinkphp_show_page_trace=0|0; think_var=zh-cn; keeplogin=23%7C86400%7C1682010770%7Cd868e982af687b6c88c7638b22d03b38',
  'accept-language' => 'zh,zh-CN;q=0.9',
  'accept-encoding' => 'gzip, deflate',
  'user-agent' => 'Mozilla/5.0 (Macintosh; Intel Mac OS X 10_15_7) AppleWebKit/537.36 (KHTML, like Gecko) Chrome/112.0.0.0 Safari/537.36',
  'connection' => 'keep-alive',
  'host' => 'tp.jingmai.test',
  'content-length' => '',
  'content-type' => '',
)
[ info ] [ PARAM ] array (
)
[ info ] [ LOG ] INIT File
---------------------------------------------------------------
[2023-04-21T19:24:26+08:00] 192.168.33.1 GET tp.jingmai.test/assets/css/skins/skin-black-blue.css.map
[运行时间：0.370470s] [吞吐率：2.70req/s] [内存消耗：2,279.69kb] [文件加载：123]
[ info ] [ BEHAVIOR ] Run Closure @app_init [ RunTime:0.000050s ]
[ info ] [ CACHE ] INIT File
[ info ] [ BEHAVIOR ] Run Closure @app_init [ RunTime:0.018729s ]
[ info ] [ BEHAVIOR ] Run app\common\behavior\Common @app_init [ RunTime:0.007091s ]
[ info ] [ LANG ] /www/wwwroot/jiyu/jingmai_saas/thinkphp/lang/zh-cn.php
[ info ] [ BEHAVIOR ] Run app\common\behavior\Common @app_dispatch [ RunTime:0.000053s ]
[ info ] [ ROUTE ] array (
  'type' => 'module',
  'module' => 
  array (
    0 => 'assets',
    1 => 'css',
    2 => 'skins',
  ),
)
[ info ] [ HEADER ] array (
  'cookie' => 'PHPSESSID=fjvngv3at9rvlb5b0e58u29mbv; thinkphp_show_page_trace=0|0; think_var=zh-cn; keeplogin=23%7C86400%7C1682010770%7Cd868e982af687b6c88c7638b22d03b38',
  'accept-language' => 'zh,zh-CN;q=0.9',
  'accept-encoding' => 'gzip, deflate',
  'user-agent' => 'Mozilla/5.0 (Macintosh; Intel Mac OS X 10_15_7) AppleWebKit/537.36 (KHTML, like Gecko) Chrome/112.0.0.0 Safari/537.36',
  'connection' => 'keep-alive',
  'host' => 'tp.jingmai.test',
  'content-length' => '',
  'content-type' => '',
)
[ info ] [ PARAM ] array (
)
[ info ] [ LOG ] INIT File
---------------------------------------------------------------
[2023-04-21T19:24:26+08:00] 192.168.33.1 GET tp.jingmai.test/assets/css/fastadmin.css.map
[运行时间：0.395039s] [吞吐率：2.53req/s] [内存消耗：2,279.65kb] [文件加载：123]
[ info ] [ BEHAVIOR ] Run Closure @app_init [ RunTime:0.000028s ]
[ info ] [ CACHE ] INIT File
[ info ] [ BEHAVIOR ] Run Closure @app_init [ RunTime:0.041330s ]
[ info ] [ BEHAVIOR ] Run app\common\behavior\Common @app_init [ RunTime:0.019204s ]
[ info ] [ LANG ] /www/wwwroot/jiyu/jingmai_saas/thinkphp/lang/zh-cn.php
[ info ] [ BEHAVIOR ] Run app\common\behavior\Common @app_dispatch [ RunTime:0.000084s ]
[ info ] [ ROUTE ] array (
  'type' => 'module',
  'module' => 
  array (
    0 => 'assets',
    1 => 'css',
    2 => 'fastadmin.css.map',
  ),
)
[ info ] [ HEADER ] array (
  'cookie' => 'PHPSESSID=fjvngv3at9rvlb5b0e58u29mbv; thinkphp_show_page_trace=0|0; think_var=zh-cn; keeplogin=23%7C86400%7C1682010770%7Cd868e982af687b6c88c7638b22d03b38',
  'accept-language' => 'zh,zh-CN;q=0.9',
  'accept-encoding' => 'gzip, deflate',
  'user-agent' => 'Mozilla/5.0 (Macintosh; Intel Mac OS X 10_15_7) AppleWebKit/537.36 (KHTML, like Gecko) Chrome/112.0.0.0 Safari/537.36',
  'connection' => 'keep-alive',
  'host' => 'tp.jingmai.test',
  'content-length' => '',
  'content-type' => '',
)
[ info ] [ PARAM ] array (
)
[ info ] [ LOG ] INIT File
---------------------------------------------------------------
[2023-04-21T19:24:26+08:00] 192.168.33.1 GET tp.jingmai.test/assets/css/backend.css.map
[运行时间：0.413705s] [吞吐率：2.42req/s] [内存消耗：2,279.61kb] [文件加载：123]
[ info ] [ BEHAVIOR ] Run Closure @app_init [ RunTime:0.000037s ]
[ info ] [ CACHE ] INIT File
[ info ] [ BEHAVIOR ] Run Closure @app_init [ RunTime:0.048675s ]
[ info ] [ BEHAVIOR ] Run app\common\behavior\Common @app_init [ RunTime:0.004419s ]
[ info ] [ LANG ] /www/wwwroot/jiyu/jingmai_saas/thinkphp/lang/zh-cn.php
[ info ] [ BEHAVIOR ] Run app\common\behavior\Common @app_dispatch [ RunTime:0.000116s ]
[ info ] [ ROUTE ] array (
  'type' => 'module',
  'module' => 
  array (
    0 => 'assets',
    1 => 'css',
    2 => 'backend.css.map',
  ),
)
[ info ] [ HEADER ] array (
  'cookie' => 'PHPSESSID=fjvngv3at9rvlb5b0e58u29mbv; thinkphp_show_page_trace=0|0; think_var=zh-cn; keeplogin=23%7C86400%7C1682010770%7Cd868e982af687b6c88c7638b22d03b38',
  'accept-language' => 'zh,zh-CN;q=0.9',
  'accept-encoding' => 'gzip, deflate',
  'user-agent' => 'Mozilla/5.0 (Macintosh; Intel Mac OS X 10_15_7) AppleWebKit/537.36 (KHTML, like Gecko) Chrome/112.0.0.0 Safari/537.36',
  'connection' => 'keep-alive',
  'host' => 'tp.jingmai.test',
  'content-length' => '',
  'content-type' => '',
)
[ info ] [ PARAM ] array (
)
[ info ] [ LOG ] INIT File
---------------------------------------------------------------
[2023-04-21T19:25:02+08:00] 192.168.33.1 GET tp.jingmai.test/VeMyLJAZtQ.php/wxauth/authlist/version_ali/ids/4?dialog=1
[运行时间：0.749856s] [吞吐率：1.33req/s] [内存消耗：5,051.16kb] [文件加载：161]
[ info ] [ BEHAVIOR ] Run Closure @app_init [ RunTime:0.000039s ]
[ info ] [ CACHE ] INIT File
[ info ] [ BEHAVIOR ] Run Closure @app_init [ RunTime:0.010653s ]
[ info ] [ BEHAVIOR ] Run app\common\behavior\Common @app_init [ RunTime:0.001993s ]
[ info ] [ LANG ] /www/wwwroot/jiyu/jingmai_saas/thinkphp/lang/zh-cn.php
[ info ] [ BEHAVIOR ] Run app\common\behavior\Common @app_dispatch [ RunTime:0.000036s ]
[ info ] [ ROUTE ] array (
  'type' => 'module',
  'module' => 
  array (
    0 => 'admin',
    1 => 'wxauth.authlist',
    2 => 'version_ali',
  ),
)
[ info ] [ HEADER ] array (
  'cookie' => 'thinkphp_show_page_trace=0|0; thinkphp_show_page_trace=0|0; thinkphp_show_page_trace=0|0; sidebar_collapse=0; thinkphp_show_page_trace=0|0; PHPSESSID=fjvngv3at9rvlb5b0e58u29mbv; thinkphp_show_page_trace=0|0; think_var=zh-cn; keeplogin=23%7C86400%7C1682010770%7Cd868e982af687b6c88c7638b22d03b38',
  'accept-language' => 'zh,zh-CN;q=0.9',
  'accept-encoding' => 'gzip, deflate',
  'accept' => 'text/html,application/xhtml+xml,application/xml;q=0.9,image/avif,image/webp,image/apng,*/*;q=0.8,application/signed-exchange;v=b3;q=0.7',
  'user-agent' => 'Mozilla/5.0 (Macintosh; Intel Mac OS X 10_15_7) AppleWebKit/537.36 (KHTML, like Gecko) Chrome/112.0.0.0 Safari/537.36',
  'upgrade-insecure-requests' => '1',
  'connection' => 'keep-alive',
  'host' => 'tp.jingmai.test',
  'content-length' => '',
  'content-type' => '',
)
[ info ] [ PARAM ] array (
  'dialog' => '1',
  'ids' => '4',
)
[ info ] [ LANG ] /www/wwwroot/jiyu/jingmai_saas/public/../application/admin/lang/zh-cn.php
[ info ] [ BEHAVIOR ] Run app\common\behavior\Common @module_init [ RunTime:0.003150s ]
[ info ] [ SESSION ] INIT array (
  'id' => '',
  'var_session_id' => '',
  'prefix' => 'think',
  'type' => '',
  'auto_start' => true,
  'expire' => 1296000,
)
[ info ] [ DB ] INIT mysql
[ info ] [ LANG ] /www/wwwroot/jiyu/jingmai_saas/public/../application/admin/lang/zh-cn/wxauth/authlist.php
[ info ] [ RUN ] app\admin\controller\wxauth\Authlist->version_ali[ /www/wwwroot/jiyu/jingmai_saas/application/admin/controller/wxauth/Authlist.php ]
[ info ] [ VIEW ] /www/wwwroot/jiyu/jingmai_saas/public/../application/admin/view/wxauth/authlist/version_ali.html [ array (
  0 => 'breadcrumb',
  1 => 'site',
  2 => 'config',
  3 => 'auth',
  4 => 'admin',
  5 => 'wxAuthList',
  6 => 'authTypeList',
  7 => 'version',
  8 => 'name',
  9 => 'ids',
) ]
[ info ] [ BEHAVIOR ] Run app\admin\behavior\AdminLog @app_end [ RunTime:0.000530s ]
[ info ] [ LOG ] INIT File
[ sql ] [ DB ] CONNECT:[ UseTime:0.001212s ] mysql:host=127.0.0.1;dbname=admin_bajiehuidi;charset=utf8mb4
[ sql ] [ SQL ] SHOW COLUMNS FROM `fa_auth_group_access` [ RunTime:0.001579s ]
[ sql ] [ SQL ] SELECT `aga`.`uid`,`aga`.`group_id`,`ag`.`id`,`ag`.`pid`,`ag`.`name`,`ag`.`rules` FROM `fa_auth_group_access` `aga` LEFT JOIN `fa_auth_group` `ag` ON `aga`.`group_id`=`ag`.`id` WHERE  (  aga.uid='23' and ag.status='normal' ) [ RunTime:0.000777s ]
[ sql ] [ SQL ] SHOW COLUMNS FROM `fa_auth_rule` [ RunTime:0.001770s ]
[ sql ] [ SQL ] SELECT `id`,`pid`,`condition`,`icon`,`name`,`title`,`ismenu` FROM `fa_auth_rule` WHERE  `status` = 'normal'  AND `id` IN (13,29,30,159,165,181,189,206,216,222,229,237,243,249,262,276,282,283,284,285,286,287,288,290,293,295,296,297,298,299,301,314,315,316,317,318,320,321,324,330,335,337,343,1,8,2,158,157,164,180,179,205,215,214,221,228,227,236,235,242,248,261,260,275,289,323,329,336,342,348,349) [ RunTime:0.002254s ]
[ sql ] [ SQL ] SHOW COLUMNS FROM `fa_agent_auth` [ RunTime:0.003379s ]
[ sql ] [ SQL ] SELECT `auth_token` FROM `fa_agent_auth` WHERE  `id` = 4 LIMIT 1 [ RunTime:0.001100s ]
---------------------------------------------------------------
[2023-04-21T19:25:02+08:00] 192.168.33.1 GET tp.jingmai.test/assets/css/backend.css.map
[运行时间：0.308932s] [吞吐率：3.24req/s] [内存消耗：2,279.61kb] [文件加载：123]
[ info ] [ BEHAVIOR ] Run Closure @app_init [ RunTime:0.000471s ]
[ info ] [ CACHE ] INIT File
[ info ] [ BEHAVIOR ] Run Closure @app_init [ RunTime:0.022398s ]
[ info ] [ BEHAVIOR ] Run app\common\behavior\Common @app_init [ RunTime:0.005364s ]
[ info ] [ LANG ] /www/wwwroot/jiyu/jingmai_saas/thinkphp/lang/zh-cn.php
[ info ] [ BEHAVIOR ] Run app\common\behavior\Common @app_dispatch [ RunTime:0.000085s ]
[ info ] [ ROUTE ] array (
  'type' => 'module',
  'module' => 
  array (
    0 => 'assets',
    1 => 'css',
    2 => 'backend.css.map',
  ),
)
[ info ] [ HEADER ] array (
  'cookie' => 'PHPSESSID=fjvngv3at9rvlb5b0e58u29mbv; thinkphp_show_page_trace=0|0; think_var=zh-cn; keeplogin=23%7C86400%7C1682010770%7Cd868e982af687b6c88c7638b22d03b38',
  'accept-language' => 'zh,zh-CN;q=0.9',
  'accept-encoding' => 'gzip, deflate',
  'user-agent' => 'Mozilla/5.0 (Macintosh; Intel Mac OS X 10_15_7) AppleWebKit/537.36 (KHTML, like Gecko) Chrome/112.0.0.0 Safari/537.36',
  'connection' => 'keep-alive',
  'host' => 'tp.jingmai.test',
  'content-length' => '',
  'content-type' => '',
)
[ info ] [ PARAM ] array (
)
[ info ] [ LOG ] INIT File
---------------------------------------------------------------
[2023-04-21T19:25:02+08:00] 192.168.33.1 GET tp.jingmai.test/assets/css/fastadmin.css.map
[运行时间：0.384572s] [吞吐率：2.60req/s] [内存消耗：2,279.65kb] [文件加载：123]
[ info ] [ BEHAVIOR ] Run Closure @app_init [ RunTime:0.000076s ]
[ info ] [ CACHE ] INIT File
[ info ] [ BEHAVIOR ] Run Closure @app_init [ RunTime:0.027899s ]
[ info ] [ BEHAVIOR ] Run app\common\behavior\Common @app_init [ RunTime:0.001968s ]
[ info ] [ LANG ] /www/wwwroot/jiyu/jingmai_saas/thinkphp/lang/zh-cn.php
[ info ] [ BEHAVIOR ] Run app\common\behavior\Common @app_dispatch [ RunTime:0.000045s ]
[ info ] [ ROUTE ] array (
  'type' => 'module',
  'module' => 
  array (
    0 => 'assets',
    1 => 'css',
    2 => 'fastadmin.css.map',
  ),
)
[ info ] [ HEADER ] array (
  'cookie' => 'PHPSESSID=fjvngv3at9rvlb5b0e58u29mbv; thinkphp_show_page_trace=0|0; think_var=zh-cn; keeplogin=23%7C86400%7C1682010770%7Cd868e982af687b6c88c7638b22d03b38',
  'accept-language' => 'zh,zh-CN;q=0.9',
  'accept-encoding' => 'gzip, deflate',
  'user-agent' => 'Mozilla/5.0 (Macintosh; Intel Mac OS X 10_15_7) AppleWebKit/537.36 (KHTML, like Gecko) Chrome/112.0.0.0 Safari/537.36',
  'connection' => 'keep-alive',
  'host' => 'tp.jingmai.test',
  'content-length' => '',
  'content-type' => '',
)
[ info ] [ PARAM ] array (
)
[ info ] [ LOG ] INIT File
---------------------------------------------------------------
[2023-04-21T19:25:02+08:00] 192.168.33.1 GET tp.jingmai.test/assets/css/bootstrap.css.map
[运行时间：0.398871s] [吞吐率：2.51req/s] [内存消耗：2,279.65kb] [文件加载：123]
[ info ] [ BEHAVIOR ] Run Closure @app_init [ RunTime:0.000031s ]
[ info ] [ CACHE ] INIT File
[ info ] [ BEHAVIOR ] Run Closure @app_init [ RunTime:0.029100s ]
[ info ] [ BEHAVIOR ] Run app\common\behavior\Common @app_init [ RunTime:0.011015s ]
[ info ] [ LANG ] /www/wwwroot/jiyu/jingmai_saas/thinkphp/lang/zh-cn.php
[ info ] [ BEHAVIOR ] Run app\common\behavior\Common @app_dispatch [ RunTime:0.000102s ]
[ info ] [ ROUTE ] array (
  'type' => 'module',
  'module' => 
  array (
    0 => 'assets',
    1 => 'css',
    2 => 'bootstrap.css.map',
  ),
)
[ info ] [ HEADER ] array (
  'cookie' => 'PHPSESSID=fjvngv3at9rvlb5b0e58u29mbv; thinkphp_show_page_trace=0|0; think_var=zh-cn; keeplogin=23%7C86400%7C1682010770%7Cd868e982af687b6c88c7638b22d03b38',
  'accept-language' => 'zh,zh-CN;q=0.9',
  'accept-encoding' => 'gzip, deflate',
  'user-agent' => 'Mozilla/5.0 (Macintosh; Intel Mac OS X 10_15_7) AppleWebKit/537.36 (KHTML, like Gecko) Chrome/112.0.0.0 Safari/537.36',
  'connection' => 'keep-alive',
  'host' => 'tp.jingmai.test',
  'content-length' => '',
  'content-type' => '',
)
[ info ] [ PARAM ] array (
)
[ info ] [ LOG ] INIT File
---------------------------------------------------------------
[2023-04-21T19:25:02+08:00] 192.168.33.1 GET tp.jingmai.test/assets/css/skins/skin-black-blue.css.map
[运行时间：0.401571s] [吞吐率：2.49req/s] [内存消耗：2,279.69kb] [文件加载：123]
[ info ] [ BEHAVIOR ] Run Closure @app_init [ RunTime:0.000037s ]
[ info ] [ CACHE ] INIT File
[ info ] [ BEHAVIOR ] Run Closure @app_init [ RunTime:0.025219s ]
[ info ] [ BEHAVIOR ] Run app\common\behavior\Common @app_init [ RunTime:0.005248s ]
[ info ] [ LANG ] /www/wwwroot/jiyu/jingmai_saas/thinkphp/lang/zh-cn.php
[ info ] [ BEHAVIOR ] Run app\common\behavior\Common @app_dispatch [ RunTime:0.000067s ]
[ info ] [ ROUTE ] array (
  'type' => 'module',
  'module' => 
  array (
    0 => 'assets',
    1 => 'css',
    2 => 'skins',
  ),
)
[ info ] [ HEADER ] array (
  'cookie' => 'PHPSESSID=fjvngv3at9rvlb5b0e58u29mbv; thinkphp_show_page_trace=0|0; think_var=zh-cn; keeplogin=23%7C86400%7C1682010770%7Cd868e982af687b6c88c7638b22d03b38',
  'accept-language' => 'zh,zh-CN;q=0.9',
  'accept-encoding' => 'gzip, deflate',
  'user-agent' => 'Mozilla/5.0 (Macintosh; Intel Mac OS X 10_15_7) AppleWebKit/537.36 (KHTML, like Gecko) Chrome/112.0.0.0 Safari/537.36',
  'connection' => 'keep-alive',
  'host' => 'tp.jingmai.test',
  'content-length' => '',
  'content-type' => '',
)
[ info ] [ PARAM ] array (
)
[ info ] [ LOG ] INIT File
---------------------------------------------------------------
[2023-04-21T19:25:02+08:00] 192.168.33.1 GET tp.jingmai.test/VeMyLJAZtQ.php/ajax/lang?callback=define&controllername=wxauth.authlist&lang=zh-cn&v=1682076301&v=1682076301
[运行时间：0.370145s] [吞吐率：2.70req/s] [内存消耗：3,622.26kb] [文件加载：140]
[ info ] [ BEHAVIOR ] Run Closure @app_init [ RunTime:0.000034s ]
[ info ] [ CACHE ] INIT File
[ info ] [ BEHAVIOR ] Run Closure @app_init [ RunTime:0.008022s ]
[ info ] [ BEHAVIOR ] Run app\common\behavior\Common @app_init [ RunTime:0.002244s ]
[ info ] [ LANG ] /www/wwwroot/jiyu/jingmai_saas/thinkphp/lang/zh-cn.php
[ info ] [ BEHAVIOR ] Run app\common\behavior\Common @app_dispatch [ RunTime:0.000044s ]
[ info ] [ ROUTE ] array (
  'type' => 'module',
  'module' => 
  array (
    0 => 'admin',
    1 => 'ajax',
    2 => 'lang',
  ),
)
[ info ] [ HEADER ] array (
  'cookie' => 'sidebar_collapse=0; thinkphp_show_page_trace=0|0; PHPSESSID=fjvngv3at9rvlb5b0e58u29mbv; thinkphp_show_page_trace=0|0; think_var=zh-cn; keeplogin=23%7C86400%7C1682010770%7Cd868e982af687b6c88c7638b22d03b38',
  'accept-language' => 'zh,zh-CN;q=0.9',
  'accept-encoding' => 'gzip, deflate',
  'accept' => '*/*',
  'user-agent' => 'Mozilla/5.0 (Macintosh; Intel Mac OS X 10_15_7) AppleWebKit/537.36 (KHTML, like Gecko) Chrome/112.0.0.0 Safari/537.36',
  'connection' => 'keep-alive',
  'host' => 'tp.jingmai.test',
  'content-length' => '',
  'content-type' => '',
)
[ info ] [ PARAM ] array (
  'callback' => 'define',
  'controllername' => 'wxauth.authlist',
  'lang' => 'zh-cn',
  'v' => '1682076301',
)
[ info ] [ LANG ] /www/wwwroot/jiyu/jingmai_saas/public/../application/admin/lang/zh-cn.php
[ info ] [ BEHAVIOR ] Run app\common\behavior\Common @module_init [ RunTime:0.005888s ]
[ info ] [ SESSION ] INIT array (
  'id' => '',
  'var_session_id' => '',
  'prefix' => 'think',
  'type' => '',
  'auto_start' => true,
  'expire' => 1296000,
)
[ info ] [ LANG ] /www/wwwroot/jiyu/jingmai_saas/public/../application/admin/lang/zh-cn/ajax.php
[ info ] [ RUN ] app\admin\controller\Ajax->lang[ /www/wwwroot/jiyu/jingmai_saas/application/admin/controller/Ajax.php ]
[ info ] [ LANG ] /www/wwwroot/jiyu/jingmai_saas/public/../application/admin/lang/zh-cn/wxauth/authlist.php
[ info ] [ BEHAVIOR ] Run app\admin\behavior\AdminLog @app_end [ RunTime:0.000966s ]
[ info ] [ LOG ] INIT File
