---------------------------------------------------------------
[2023-04-27T02:25:23+08:00] 192.168.33.1 GET tp.jingmai.test/web/login/get_openid?code=&app_id=&encrypted_data=&iv=&invitercode=
[运行时间：0.637466s] [吞吐率：1.57req/s] [内存消耗：2,727.13kb] [文件加载：128]
[ info ] [ BEHAVIOR ] Run Closure @app_init [ RunTime:0.001979s ]
[ info ] [ CACHE ] INIT File
[ info ] [ BEHAVIOR ] Run Closure @app_init [ RunTime:0.026992s ]
[ info ] [ BEHAVIOR ] Run app\common\behavior\Common @app_init [ RunTime:0.006163s ]
[ info ] [ LANG ] /www/wwwroot/jiyu/jingmai_saas/thinkphp/lang/zh-cn.php
[ info ] [ BEHAVIOR ] Run app\common\behavior\Common @app_dispatch [ RunTime:0.003598s ]
[ info ] [ ROUTE ] array (
  'type' => 'module',
  'module' => 
  array (
    0 => 'web',
    1 => 'login',
    2 => 'get_openid',
  ),
)
[ info ] [ HEADER ] array (
  'connection' => 'keep-alive',
  'accept-encoding' => 'gzip, deflate, br',
  'host' => 'tp.jingmai.test',
  'accept' => '*/*',
  'user-agent' => 'Apifox/1.0.0 (https://www.apifox.cn)',
  'phpsessid' => '',
  'content-length' => '',
  'content-type' => '',
)
[ info ] [ PARAM ] array (
  'code' => '',
  'app_id' => '',
  'encrypted_data' => '',
  'iv' => '',
  'invitercode' => '',
)
[ info ] [ BEHAVIOR ] Run app\common\behavior\Common @module_init [ RunTime:0.011537s ]
[ info ] [ RUN ] app\web\controller\Login->get_openid[ /www/wwwroot/jiyu/jingmai_saas/application/web/controller/Login.php ]
[ info ] [ LOG ] INIT File
[ error ] {"code":"","app_id":"","encrypted_data":"","iv":"","invitercode":""}
